<?xml version="1.0" encoding="UTF-8"?>
<testng-results skipped="0" failed="0" ignored="0" total="0" passed="0">
  <reporter-output>
  </reporter-output>
  <suite name="cucumber" duration-ms="257" started-at="2022-05-30T17:34:08 IST" finished-at="2022-05-30T17:34:08 IST">
    <groups>
      <group name="cucumber">
        <method signature="AbstractTestNGCucumberTests.runScenario(io.cucumber.testng.PickleWrapper,io.cucumber.testng.FeatureWrapper)[pri:0, instance:RunnerClass.TestRunner@64485a47]" name="runScenario" class="io.cucumber.testng.AbstractTestNGCucumberTests"/>
      </group> <!-- cucumber -->
    </groups>
    <test name="scenarios" duration-ms="257" started-at="2022-05-30T17:34:08 IST" finished-at="2022-05-30T17:34:08 IST">
      <class name="RunnerClass.TestRunner">
        <test-method status="PASS" signature="setUpClass(org.testng.ITestContext)[pri:0, instance:RunnerClass.TestRunner@64485a47]" name="setUpClass" is-config="true" duration-ms="217" started-at="2022-05-30T17:34:08 IST" finished-at="2022-05-30T17:34:08 IST">
          <params>
            <param index="0">
              <value>
                <![CDATA[org.testng.TestRunner@59474f18]]>
              </value>
            </param>
          </params>
          <reporter-output>
          </reporter-output>
        </test-method> <!-- setUpClass -->
        <test-method status="PASS" signature="tearDownClass()[pri:0, instance:RunnerClass.TestRunner@64485a47]" name="tearDownClass" is-config="true" duration-ms="8" started-at="2022-05-30T17:34:08 IST" finished-at="2022-05-30T17:34:08 IST">
          <reporter-output>
          </reporter-output>
        </test-method> <!-- tearDownClass -->
      </class> <!-- RunnerClass.TestRunner -->
    </test> <!-- scenarios -->
  </suite> <!-- cucumber -->
</testng-results>
